 Iteration      Total Force       Perp Force         MaxU     MaxI     Stress on CI         dt     Mode
-------------------------------------------------------------------------------------------------------
 Iteration      Total Force       Perp Force         MaxU     MaxI     Stress on CI         dt     Mode
         1      0.591319543      0.591270636  0.187475329        5      0.780374415       0.05   normal
-------------------------------------------------------------------------------------------------------
 Iteration      Total Force       Perp Force         MaxU     MaxI     Stress on CI         dt     Mode
         2      0.580160002      0.580159163  0.187208565        5      0.772286293       0.05   normal
-------------------------------------------------------------------------------------------------------
 Iteration      Total Force       Perp Force         MaxU     MaxI     Stress on CI         dt     Mode
         3      0.558725476      0.558671751  0.186709277        5      0.756010652       0.05   normal
-------------------------------------------------------------------------------------------------------
 Iteration      Total Force       Perp Force         MaxU     MaxI     Stress on CI         dt     Mode
         4      0.529018663      0.528972795  0.186056087        5       0.73186932       0.05   normal
-------------------------------------------------------------------------------------------------------
 Iteration      Total Force       Perp Force         MaxU     MaxI     Stress on CI         dt     Mode
         5      0.493706958      0.493559028  0.185331569        5      0.699881242       0.05   normal
-------------------------------------------------------------------------------------------------------
 Iteration      Total Force       Perp Force         MaxU     MaxI     Stress on CI         dt     Mode
         6      0.457095251      0.455590818  0.184606685        5      0.660312111       0.05   normal
-------------------------------------------------------------------------------------------------------
 Iteration      Total Force       Perp Force         MaxU     MaxI     Stress on CI         dt     Mode
         7      0.421614237      0.418396452   0.18391484        5      0.613765197       0.05   normal
-------------------------------------------------------------------------------------------------------
 Iteration      Total Force       Perp Force         MaxU     MaxI     Stress on CI         dt     Mode
         8      0.384756194      0.384396904  0.183254012        5      0.560791618      0.055   normal
-------------------------------------------------------------------------------------------------------
 Iteration      Total Force       Perp Force         MaxU     MaxI     Stress on CI         dt     Mode
         9      0.351918622      0.351909804  0.182562505        5      0.496505897     0.0605   normal
-------------------------------------------------------------------------------------------------------
 Iteration      Total Force       Perp Force         MaxU     MaxI     Stress on CI         dt     Mode
        10      0.348037886      0.321148779  0.181823582        5       0.42103117    0.06655   normal
-------------------------------------------------------------------------------------------------------
 Iteration      Total Force       Perp Force         MaxU     MaxI     Stress on CI         dt     Mode
        11      0.443270238       0.30075946   0.18093714        5      0.336214082   0.073205   normal
-------------------------------------------------------------------------------------------------------
 Iteration      Total Force       Perp Force         MaxU     MaxI     Stress on CI         dt     Mode
        12      0.653358452      0.285823623  0.180054229        5      0.250557165   0.080526   normal
-------------------------------------------------------------------------------------------------------
 Iteration      Total Force       Perp Force         MaxU     MaxI     Stress on CI         dt     Mode
        13       1.47884365      0.270440113  0.179355141        5      0.181464832   0.040263   normal
-------------------------------------------------------------------------------------------------------
 Iteration      Total Force       Perp Force         MaxU     MaxI     Stress on CI         dt     Mode
        14      0.286399552      0.268323481  0.179273136        5      0.180886487   0.040263   normal
-------------------------------------------------------------------------------------------------------
 Iteration      Total Force       Perp Force         MaxU     MaxI     Stress on CI         dt     Mode
        15        1.2291719      0.263690004  0.179149724        5      0.180053999   0.020131   normal
-------------------------------------------------------------------------------------------------------
 Iteration      Total Force       Perp Force         MaxU     MaxI     Stress on CI         dt     Mode
        16      0.954532688      0.263267531  0.179153609        5      0.180088105   0.020131   normal
-------------------------------------------------------------------------------------------------------
 Iteration      Total Force       Perp Force         MaxU     MaxI     Stress on CI         dt     Mode
        17      0.491044022      0.262418931  0.179158728        5      0.180136316   0.020131   normal
-------------------------------------------------------------------------------------------------------
 Iteration      Total Force       Perp Force         MaxU     MaxI     Stress on CI         dt     Mode
        18      0.261163317      0.261085301   0.17915929        5      0.180154204   0.010066   normal
-------------------------------------------------------------------------------------------------------
 Iteration      Total Force       Perp Force         MaxU     MaxI     Stress on CI         dt     Mode
        19      0.261052129      0.260985297  0.179157285        5      0.180139327   0.010066   normal
-------------------------------------------------------------------------------------------------------
 Iteration      Total Force       Perp Force         MaxU     MaxI     Stress on CI         dt     Mode
        20      0.260832994      0.260785626  0.179153298        5      0.180109703   0.010066   normal
-------------------------------------------------------------------------------------------------------
-----------------------SSNEB Finished------------------------------
     Image         ReCoords                E        RealForce      Image
------------------------------------------------------------------------
  0      0.000000      0.000000      0.000000   0
  1      0.375026     -0.083962      0.052730   1
  2      0.750085     -0.066217     -0.144940   2
  3      1.124586      0.006531     -0.321197   3
  4      1.498171      0.118124     -0.250330   4
  5      1.871398      0.179153     -0.075257   5
  6      2.243847      0.175051      0.081883   6
  7      2.616054      0.127702      0.179068   7
  8      2.988058      0.051597      0.234723   8
  9      3.359823     -0.034574      0.224895   9
 10      3.731918     -0.103416      0.182758  10
 11      4.103437     -0.164582      0.149815  11
 12      4.475650     -0.201455      0.031278  12
 13      4.847369     -0.194226     -0.067240  13
 14      5.219683     -0.154141     -0.192161  14
 15      5.591498     -0.066244     -0.366811  15
 16      5.963331      0.069214     -0.331407  16
 17      6.335248      0.159549     -0.139402  17
 18      6.706820      0.164698      0.114107  18
 19      7.079031      0.075620      0.364610  19
 20      7.450939     -0.098590      0.561731  20
 21      7.823723     -0.324425      0.630067  21
 22      8.196389     -0.531745      0.523620  22
 23      8.569609     -0.691779      0.388308  23
 24      8.943018     -0.813969      0.274563  24
 25      9.316345     -0.901039      0.244612  25
 26      9.690098     -0.994522      0.261914  26
 27     10.063867     -1.093347      0.259666  27
 28     10.438261     -1.181250      0.204501  28
 29     10.812823     -1.235483      0.056050  29
 30     11.187739     -1.174622      0.000000  30
 Iteration      Total Force       Perp Force         MaxU     MaxI     Stress on CI         dt     Mode
-------------------------------------------------------------------------------------------------------
 Iteration      Total Force       Perp Force         MaxU     MaxI     Stress on CI         dt     Mode
         1       1.76864355       1.10364021 -0.298072978        1      0.200709005       0.05   normal
-------------------------------------------------------------------------------------------------------
 Iteration      Total Force       Perp Force         MaxU     MaxI     Stress on CI         dt     Mode
         2       1.07924024        1.0789494 -0.300086542        1      0.203513589       0.05   normal
-------------------------------------------------------------------------------------------------------
 Iteration      Total Force       Perp Force         MaxU     MaxI     Stress on CI         dt     Mode
         3         1.670009       1.02991074 -0.304030569        1      0.209810755       0.05   normal
-------------------------------------------------------------------------------------------------------
 Iteration      Total Force       Perp Force         MaxU     MaxI     Stress on CI         dt     Mode
         4       1.06421615      0.963779134 -0.308299204        8       1.97231117       0.05   normal
-------------------------------------------------------------------------------------------------------
 Iteration      Total Force       Perp Force         MaxU     MaxI     Stress on CI         dt     Mode
         5        1.1680705      0.886672268 -0.309653358        8        1.9107867       0.05   normal
-------------------------------------------------------------------------------------------------------
 Iteration      Total Force       Perp Force         MaxU     MaxI     Stress on CI         dt     Mode
         6       1.00520715      0.805920868  -0.31083515        8       1.83490809       0.05   normal
-------------------------------------------------------------------------------------------------------
 Iteration      Total Force       Perp Force         MaxU     MaxI     Stress on CI         dt     Mode
         7      0.909980873      0.730836069 -0.311938725        8       1.74629714       0.05   normal
-------------------------------------------------------------------------------------------------------
 Iteration      Total Force       Perp Force         MaxU     MaxI     Stress on CI         dt     Mode
         8       1.02671033      0.666603588 -0.313156302        8       1.64421615      0.055   normal
-------------------------------------------------------------------------------------------------------
 Iteration      Total Force       Perp Force         MaxU     MaxI     Stress on CI         dt     Mode
         9      0.780275274      0.611349931 -0.314522321        8       1.52077664     0.0605   normal
-------------------------------------------------------------------------------------------------------
 Iteration      Total Force       Perp Force         MaxU     MaxI     Stress on CI         dt     Mode
        10       1.29438275      0.565303345 -0.315944164        8       1.37339001    0.06655   normal
-------------------------------------------------------------------------------------------------------
 Iteration      Total Force       Perp Force         MaxU     MaxI     Stress on CI         dt     Mode
        11      0.901979853      0.525079731 -0.317422077        8       1.20716924   0.073205   normal
-------------------------------------------------------------------------------------------------------
 Iteration      Total Force       Perp Force         MaxU     MaxI     Stress on CI         dt     Mode
        12       1.40588222      0.472597401 -0.318813009        8       1.02631245   0.080526   normal
-------------------------------------------------------------------------------------------------------
 Iteration      Total Force       Perp Force         MaxU     MaxI     Stress on CI         dt     Mode
        13       2.54563325       0.41065051 -0.320852859        8      0.843958626   0.040263   normal
-------------------------------------------------------------------------------------------------------
 Iteration      Total Force       Perp Force         MaxU     MaxI     Stress on CI         dt     Mode
        14      0.523422273      0.403481618 -0.320782722        8      0.844024416   0.040263   normal
-------------------------------------------------------------------------------------------------------
 Iteration      Total Force       Perp Force         MaxU     MaxI     Stress on CI         dt     Mode
        15       1.88444442      0.389324977 -0.320865282        8      0.844596848   0.020131   normal
-------------------------------------------------------------------------------------------------------
 Iteration      Total Force       Perp Force         MaxU     MaxI     Stress on CI         dt     Mode
        16       1.45796481       0.38822028 -0.320930113        8      0.844724409   0.020131   normal
-------------------------------------------------------------------------------------------------------
 Iteration      Total Force       Perp Force         MaxU     MaxI     Stress on CI         dt     Mode
        17      0.709287392      0.385963706 -0.321049335        8      0.844947683   0.020131   normal
-------------------------------------------------------------------------------------------------------
 Iteration      Total Force       Perp Force         MaxU     MaxI     Stress on CI         dt     Mode
        18      0.389349371      0.382320024 -0.321205532        8      0.845208939   0.010066   normal
-------------------------------------------------------------------------------------------------------
 Iteration      Total Force       Perp Force         MaxU     MaxI     Stress on CI         dt     Mode
        19      0.388927334      0.382023501 -0.321208353        8      0.845204598   0.010066   normal
-------------------------------------------------------------------------------------------------------
 Iteration      Total Force       Perp Force         MaxU     MaxI     Stress on CI         dt     Mode
        20      0.388094291      0.381431504 -0.321214107        8      0.845195842   0.010066   normal
-------------------------------------------------------------------------------------------------------
 Iteration      Total Force       Perp Force         MaxU     MaxI     Stress on CI         dt     Mode
        21        0.3868711      0.380545443 -0.321223036        8      0.845182483   0.010066   normal
-------------------------------------------------------------------------------------------------------
 Iteration      Total Force       Perp Force         MaxU     MaxI     Stress on CI         dt     Mode
        22      0.385286369      0.379366937 -0.321235523        8      0.845164161   0.010066   normal
-------------------------------------------------------------------------------------------------------
 Iteration      Total Force       Perp Force         MaxU     MaxI     Stress on CI         dt     Mode
        23      0.383374018      0.377898548 -0.321252072        8      0.845140267   0.010066   normal
-------------------------------------------------------------------------------------------------------
 Iteration      Total Force       Perp Force         MaxU     MaxI     Stress on CI         dt     Mode
        24      0.381170807      0.376145526 -0.321273256        8      0.845109858   0.010066   normal
-------------------------------------------------------------------------------------------------------
 Iteration      Total Force       Perp Force         MaxU     MaxI     Stress on CI         dt     Mode
        25      0.378713577      0.374117865 -0.321299636        8      0.845071558   0.011072   normal
-------------------------------------------------------------------------------------------------------
 Iteration      Total Force       Perp Force         MaxU     MaxI     Stress on CI         dt     Mode
        26      0.375739059      0.371573863 -0.321335392        8      0.845017795   0.012179   normal
-------------------------------------------------------------------------------------------------------
 Iteration      Total Force       Perp Force         MaxU     MaxI     Stress on CI         dt     Mode
        27      0.372174703      0.368426377 -0.321383212        8      0.844940892   0.013397   normal
-------------------------------------------------------------------------------------------------------
 Iteration      Total Force       Perp Force         MaxU     MaxI     Stress on CI         dt     Mode
        28      0.367926091      0.364582911 -0.321446187        8      0.844828335   0.014737   normal
-------------------------------------------------------------------------------------------------------
 Iteration      Total Force       Perp Force         MaxU     MaxI     Stress on CI         dt     Mode
        29      0.362862892      0.359944538 -0.321527703        8      0.844659501   0.016211   normal
-------------------------------------------------------------------------------------------------------
 Iteration      Total Force       Perp Force         MaxU     MaxI     Stress on CI         dt     Mode
        30      0.356812425      0.354407136 -0.321631188        8      0.844400439   0.017832   normal
-------------------------------------------------------------------------------------------------------
 Iteration      Total Force       Perp Force         MaxU     MaxI     Stress on CI         dt     Mode
        31      0.349594161      0.347872647 -0.321759602        8      0.843996434   0.019615   normal
-------------------------------------------------------------------------------------------------------
 Iteration      Total Force       Perp Force         MaxU     MaxI     Stress on CI         dt     Mode
        32      0.341158921      0.340281127 -0.321914717        8      0.843364038   0.021577   normal
-------------------------------------------------------------------------------------------------------
 Iteration      Total Force       Perp Force         MaxU     MaxI     Stress on CI         dt     Mode
        33      0.331812454      0.331655316  -0.32209709        8      0.842384887   0.023734   normal
-------------------------------------------------------------------------------------------------------
 Iteration      Total Force       Perp Force         MaxU     MaxI     Stress on CI         dt     Mode
        34      0.322182765      0.322120931  -0.32230817        8      0.840895195   0.026108   normal
-------------------------------------------------------------------------------------------------------
 Iteration      Total Force       Perp Force         MaxU     MaxI     Stress on CI         dt     Mode
        35       0.31253199      0.311913078 -0.322554256        8      0.838662882   0.028719   normal
-------------------------------------------------------------------------------------------------------
 Iteration      Total Force       Perp Force         MaxU     MaxI     Stress on CI         dt     Mode
        36      0.302221638      0.301423583 -0.322849081        8      0.835370866    0.03159   normal
-------------------------------------------------------------------------------------------------------
 Iteration      Total Force       Perp Force         MaxU     MaxI     Stress on CI         dt     Mode
        37      0.291415364      0.291228042 -0.323209672        8      0.830612448   0.034749   normal
-------------------------------------------------------------------------------------------------------
 Iteration      Total Force       Perp Force         MaxU     MaxI     Stress on CI         dt     Mode
        38      0.281980379      0.281965441  -0.32364691        8      0.823810159   0.038224   normal
-------------------------------------------------------------------------------------------------------
 Iteration      Total Force       Perp Force         MaxU     MaxI     Stress on CI         dt     Mode
        39      0.274211472      0.274180553 -0.324155445        8      0.814220548   0.042047   normal
-------------------------------------------------------------------------------------------------------
 Iteration      Total Force       Perp Force         MaxU     MaxI     Stress on CI         dt     Mode
        40      0.269326029      0.267945537 -0.324733147        8      0.801018858   0.046252   normal
-------------------------------------------------------------------------------------------------------
 Iteration      Total Force       Perp Force         MaxU     MaxI     Stress on CI         dt     Mode
        41      0.262886106      0.262368838  -0.32541776        8      0.783270512   0.050877   normal
-------------------------------------------------------------------------------------------------------
 Iteration      Total Force       Perp Force         MaxU     MaxI     Stress on CI         dt     Mode
        42      0.257413371       0.25568006   -0.3262372        8      0.760066694   0.055964   normal
-------------------------------------------------------------------------------------------------------
 Iteration      Total Force       Perp Force         MaxU     MaxI     Stress on CI         dt     Mode
        43      0.245754903      0.245674525 -0.327134283        8      0.730623588   0.061561   normal
-------------------------------------------------------------------------------------------------------
 Iteration      Total Force       Perp Force         MaxU     MaxI     Stress on CI         dt     Mode
        44      0.229697698      0.229659258 -0.328157408        8      0.694479841   0.067717   normal
-------------------------------------------------------------------------------------------------------
 Iteration      Total Force       Perp Force         MaxU     MaxI     Stress on CI         dt     Mode
        45      0.276008109      0.206843369 -0.329257677        8      0.651912091   0.074489   normal
-------------------------------------------------------------------------------------------------------
 Iteration      Total Force       Perp Force         MaxU     MaxI     Stress on CI         dt     Mode
        46      0.618663554      0.180988018 -0.330404011        8      0.604324114   0.081937   normal
-------------------------------------------------------------------------------------------------------
 Iteration      Total Force       Perp Force         MaxU     MaxI     Stress on CI         dt     Mode
        47       1.83115547      0.158859589 -0.331585438        8      0.554175775   0.040969   normal
-------------------------------------------------------------------------------------------------------
 Iteration      Total Force       Perp Force         MaxU     MaxI     Stress on CI         dt     Mode
        48      0.230632106      0.158569239 -0.331589957        8      0.554234953   0.040969   normal
-------------------------------------------------------------------------------------------------------
 Iteration      Total Force       Perp Force         MaxU     MaxI     Stress on CI         dt     Mode
        49       1.69316849      0.157637691 -0.331609787        8      0.554361418   0.020484   normal
-------------------------------------------------------------------------------------------------------
 Iteration      Total Force       Perp Force         MaxU     MaxI     Stress on CI         dt     Mode
        50       1.29785676      0.157507195 -0.331613522        8      0.554363528   0.020484   normal
-------------------------------------------------------------------------------------------------------
 Iteration      Total Force       Perp Force         MaxU     MaxI     Stress on CI         dt     Mode
        51      0.608437212      0.157249855 -0.331620843        8       0.55436744   0.020484   normal
-------------------------------------------------------------------------------------------------------
 Iteration      Total Force       Perp Force         MaxU     MaxI     Stress on CI         dt     Mode
        52      0.425889587       0.15685019 -0.331632096        8      0.554372483   0.010242   normal
-------------------------------------------------------------------------------------------------------
 Iteration      Total Force       Perp Force         MaxU     MaxI     Stress on CI         dt     Mode
        53      0.406532808      0.156825576 -0.331632763        8      0.554372295   0.010242   normal
-------------------------------------------------------------------------------------------------------
 Iteration      Total Force       Perp Force         MaxU     MaxI     Stress on CI         dt     Mode
        54      0.369129743      0.156776195 -0.331634105        8      0.554371876   0.010242   normal
-------------------------------------------------------------------------------------------------------
 Iteration      Total Force       Perp Force         MaxU     MaxI     Stress on CI         dt     Mode
        55      0.316360879      0.156701538 -0.331636144        8      0.554371133   0.010242   normal
-------------------------------------------------------------------------------------------------------
 Iteration      Total Force       Perp Force         MaxU     MaxI     Stress on CI         dt     Mode
        56      0.252370707      0.156600568 -0.331638924        8      0.554369903   0.010242   normal
-------------------------------------------------------------------------------------------------------
 Iteration      Total Force       Perp Force         MaxU     MaxI     Stress on CI         dt     Mode
        57      0.197528116      0.156471721  -0.33164251        8      0.554367938   0.010242   normal
-------------------------------------------------------------------------------------------------------
 Iteration      Total Force       Perp Force         MaxU     MaxI     Stress on CI         dt     Mode
        58      0.181637849      0.156313512 -0.331646971        8      0.554364896   0.010242   normal
-------------------------------------------------------------------------------------------------------
 Iteration      Total Force       Perp Force         MaxU     MaxI     Stress on CI         dt     Mode
        59      0.207381199      0.156125846 -0.331652347        8      0.554360386   0.011266   normal
-------------------------------------------------------------------------------------------------------
 Iteration      Total Force       Perp Force         MaxU     MaxI     Stress on CI         dt     Mode
        60      0.255340254      0.155886293 -0.331659338        8      0.554353255   0.012393   normal
-------------------------------------------------------------------------------------------------------
 Iteration      Total Force       Perp Force         MaxU     MaxI     Stress on CI         dt     Mode
        61      0.289275156      0.155586625 -0.331668272        8      0.554342283   0.013632   normal
-------------------------------------------------------------------------------------------------------
 Iteration      Total Force       Perp Force         MaxU     MaxI     Stress on CI         dt     Mode
        62       0.29492502      0.155216852 -0.331679578        8      0.554325655   0.014996   normal
-------------------------------------------------------------------------------------------------------
 Iteration      Total Force       Perp Force         MaxU     MaxI     Stress on CI         dt     Mode
        63      0.265469958      0.154763509 -0.331693863        8      0.554300523   0.016495   normal
-------------------------------------------------------------------------------------------------------
 Iteration      Total Force       Perp Force         MaxU     MaxI     Stress on CI         dt     Mode
        64      0.206848889      0.154207858  -0.33171202        8      0.554262256   0.018145   normal
-------------------------------------------------------------------------------------------------------
 Iteration      Total Force       Perp Force         MaxU     MaxI     Stress on CI         dt     Mode
        65      0.182316629      0.153524958 -0.331735326        8      0.554203336   0.019959   normal
-------------------------------------------------------------------------------------------------------
 Iteration      Total Force       Perp Force         MaxU     MaxI     Stress on CI         dt     Mode
        66      0.221096912      0.153015221 -0.331765316        8      0.554112957   0.021955   normal
-------------------------------------------------------------------------------------------------------
 Iteration      Total Force       Perp Force         MaxU     MaxI     Stress on CI         dt     Mode
        67      0.247771071      0.152599136 -0.331803529        8      0.553977661   0.024151   normal
-------------------------------------------------------------------------------------------------------
 Iteration      Total Force       Perp Force         MaxU     MaxI     Stress on CI         dt     Mode
        68       0.20598082      0.152042663 -0.331852056        8      0.553777916   0.026566   normal
-------------------------------------------------------------------------------------------------------
 Iteration      Total Force       Perp Force         MaxU     MaxI     Stress on CI         dt     Mode
        69       0.17831318      0.151339773 -0.331914484        8      0.553480601   0.029222   normal
-------------------------------------------------------------------------------------------------------
 Iteration      Total Force       Perp Force         MaxU     MaxI     Stress on CI         dt     Mode
        70      0.242010206       0.15053195 -0.331995697        8      0.553038102   0.032144   normal
-------------------------------------------------------------------------------------------------------
 Iteration      Total Force       Perp Force         MaxU     MaxI     Stress on CI         dt     Mode
        71      0.213351512      0.149674438 -0.332100539        8      0.552397201   0.035359   normal
-------------------------------------------------------------------------------------------------------
 Iteration      Total Force       Perp Force         MaxU     MaxI     Stress on CI         dt     Mode
        72      0.193950892      0.148732703 -0.332236849        8      0.551468504   0.038895   normal
-------------------------------------------------------------------------------------------------------
 Iteration      Total Force       Perp Force         MaxU     MaxI     Stress on CI         dt     Mode
        73      0.219669147      0.147546649 -0.332413488        8       0.55013454   0.042784   normal
-------------------------------------------------------------------------------------------------------
 Iteration      Total Force       Perp Force         MaxU     MaxI     Stress on CI         dt     Mode
        74      0.186034803      0.146032948 -0.332638932        8      0.548260125   0.047063   normal
-------------------------------------------------------------------------------------------------------
 Iteration      Total Force       Perp Force         MaxU     MaxI     Stress on CI         dt     Mode
        75      0.209319823      0.144363683 -0.332926182        8      0.545637983   0.051769   normal
-------------------------------------------------------------------------------------------------------
 Iteration      Total Force       Perp Force         MaxU     MaxI     Stress on CI         dt     Mode
        76       0.21603399      0.142594944 -0.333287303        8      0.542040744   0.056946   normal
-------------------------------------------------------------------------------------------------------
 Iteration      Total Force       Perp Force         MaxU     MaxI     Stress on CI         dt     Mode
        77       0.16917039      0.140290073 -0.333730759        8      0.537196959    0.06264   normal
-------------------------------------------------------------------------------------------------------
 Iteration      Total Force       Perp Force         MaxU     MaxI     Stress on CI         dt     Mode
        78      0.154135202      0.137735559 -0.334264127        8      0.530695976   0.068904   normal
-------------------------------------------------------------------------------------------------------
 Iteration      Total Force       Perp Force         MaxU     MaxI     Stress on CI         dt     Mode
        79      0.174156649      0.134733012 -0.334896594        8      0.522022261   0.075795   normal
-------------------------------------------------------------------------------------------------------
 Iteration      Total Force       Perp Force         MaxU     MaxI     Stress on CI         dt     Mode
        80      0.295242599      0.130912249 -0.335612363        8      0.510597872   0.083374   normal
-------------------------------------------------------------------------------------------------------
 Iteration      Total Force       Perp Force         MaxU     MaxI     Stress on CI         dt     Mode
        81      0.981965622      0.127463176 -0.336094585        7      0.271568351   0.091712   normal
-------------------------------------------------------------------------------------------------------
 Iteration      Total Force       Perp Force         MaxU     MaxI     Stress on CI         dt     Mode
        82       3.02041714      0.120467132  -0.33593334        7      0.270094728   0.045856   normal
-------------------------------------------------------------------------------------------------------
 Iteration      Total Force       Perp Force         MaxU     MaxI     Stress on CI         dt     Mode
        83      0.752390413      0.122590227  -0.33598742        7      0.271215022   0.022928   normal
-------------------------------------------------------------------------------------------------------
 Iteration      Total Force       Perp Force         MaxU     MaxI     Stress on CI         dt     Mode
        84      0.553285666      0.122442277 -0.335989828        7      0.271330969   0.022928   normal
-------------------------------------------------------------------------------------------------------
 Iteration      Total Force       Perp Force         MaxU     MaxI     Stress on CI         dt     Mode
        85      0.217042993      0.122182615   -0.3359939        7      0.271555041   0.022928   normal
-------------------------------------------------------------------------------------------------------
 Iteration      Total Force       Perp Force         MaxU     MaxI     Stress on CI         dt     Mode
        86      0.344692674      0.121872543  -0.33599828        7      0.271889153   0.011464   normal
-------------------------------------------------------------------------------------------------------
 Iteration      Total Force       Perp Force         MaxU     MaxI     Stress on CI         dt     Mode
        87      0.325837584      0.121875526  -0.33599811        7      0.271906343   0.011464   normal
-------------------------------------------------------------------------------------------------------
 Iteration      Total Force       Perp Force         MaxU     MaxI     Stress on CI         dt     Mode
        88      0.289660493      0.121880632 -0.335997793        7       0.27194115   0.011464   normal
-------------------------------------------------------------------------------------------------------
 Iteration      Total Force       Perp Force         MaxU     MaxI     Stress on CI         dt     Mode
        89      0.239276283       0.12188604 -0.335997375        7      0.271994622   0.011464   normal
-------------------------------------------------------------------------------------------------------
 Iteration      Total Force       Perp Force         MaxU     MaxI     Stress on CI         dt     Mode
        90      0.179458853      0.121888883 -0.335996926        7       0.27206857   0.011464   normal
-------------------------------------------------------------------------------------------------------
 Iteration      Total Force       Perp Force         MaxU     MaxI     Stress on CI         dt     Mode
        91       0.13488565      0.121885242 -0.335996536        7      0.272165385   0.011464   normal
-------------------------------------------------------------------------------------------------------
 Iteration      Total Force       Perp Force         MaxU     MaxI     Stress on CI         dt     Mode
        92      0.152349455      0.121870626   -0.3359963        7      0.272286965   0.011464   normal
-------------------------------------------------------------------------------------------------------
 Iteration      Total Force       Perp Force         MaxU     MaxI     Stress on CI         dt     Mode
        93      0.184752243      0.121841252 -0.335996287        7      0.272433244    0.01261   normal
-------------------------------------------------------------------------------------------------------
 Iteration      Total Force       Perp Force         MaxU     MaxI     Stress on CI         dt     Mode
        94       0.21652585      0.121789069 -0.335996554        7      0.272621621   0.013871   normal
-------------------------------------------------------------------------------------------------------
 Iteration      Total Force       Perp Force         MaxU     MaxI     Stress on CI         dt     Mode
        95      0.226446424      0.121707019 -0.335997129        7      0.272858676   0.015259   normal
-------------------------------------------------------------------------------------------------------
 Iteration      Total Force       Perp Force         MaxU     MaxI     Stress on CI         dt     Mode
        96      0.208261272      0.121588051 -0.335997933        7      0.273151808   0.016784   normal
-------------------------------------------------------------------------------------------------------
 Iteration      Total Force       Perp Force         MaxU     MaxI     Stress on CI         dt     Mode
        97      0.162722267      0.121426224 -0.335998692        7      0.273509281   0.018463   normal
-------------------------------------------------------------------------------------------------------
 Iteration      Total Force       Perp Force         MaxU     MaxI     Stress on CI         dt     Mode
        98      0.139573287      0.121219282 -0.335998791        7       0.27393928   0.020309   normal
-------------------------------------------------------------------------------------------------------
 Iteration      Total Force       Perp Force         MaxU     MaxI     Stress on CI         dt     Mode
        99      0.170281172      0.120973091 -0.335997189        7      0.274446183    0.02234   normal
-------------------------------------------------------------------------------------------------------
 Iteration      Total Force       Perp Force         MaxU     MaxI     Stress on CI         dt     Mode
       100      0.198422987      0.120700434 -0.335992708        7      0.275028993   0.024574   normal
-------------------------------------------------------------------------------------------------------
-----------------------SSNEB Finished------------------------------
     Image         ReCoords                E        RealForce      Image
------------------------------------------------------------------------
  0      0.000000      0.000000      0.000000   0
  1      0.455627     -0.371197      0.486072   1
  2      0.911101     -0.506118      0.178981   2
  3      1.366283     -0.542793      0.011099   3
  4      1.821004     -0.535508     -0.030053   4
  5      2.276006     -0.515938     -0.090233   5
  6      2.731176     -0.446036     -0.263755   6
  7      3.186564     -0.335993     -0.160842   7
  8      3.642185     -0.337313      0.178475   8
  9      4.097925     -0.486516      0.450542   9
 10      4.554012     -0.703401      0.467896  10
 11      5.010149     -0.889644      0.360205  11
 12      5.466789     -1.028341      0.256053  12
 13      5.923574     -1.109638      0.136188  13
 14      6.380856     -1.143477      0.048204  14
 15      6.838261     -1.150737     -0.046682  15
 16      7.296068     -1.082393     -0.233967  16
 17      7.754329     -0.989605     -0.129135  17
 18      8.212787     -0.997049      0.176530  18
 19      8.672171     -1.156335      0.505925  19
 20      9.131528     -1.438276      0.690994  20
 21      9.592152     -1.759406      0.687494  21
 22     10.052708     -2.045895      0.534676  22
 23     10.514421     -2.219284      0.274520  23
 24     10.976237     -2.305774      0.147281  24
 25     11.438531     -2.372698      0.169132  25
 26     11.900932     -2.461199      0.212367  26
 27     12.363508     -2.563712      0.221490  27
 28     12.826426     -2.655147      0.160210  28
 29     13.289563     -2.689386     -0.127945  29
 30     13.752714     -2.391229      0.000000  30
